

============================== 2023-08-14 12:21:34.261287 | 0e05c184-bc7b-462b-98fb-ccd7d2200b24 ==============================
[0m12:21:34.261287 [info ] [MainThread]: Running with dbt=1.4.5
[0m12:21:34.262446 [debug] [MainThread]: running dbt with arguments {'write_json': True, 'use_colors': True, 'printer_width': 80, 'version_check': True, 'partial_parse': True, 'static_parser': True, 'profiles_dir': '/Users/Ratna-Kumar.Dangeti/Documents/GitHub/csp/profiles', 'send_anonymous_usage_stats': True, 'quiet': False, 'no_print': False, 'cache_selected_only': False, 'profile': 'curated', 'indirect_selection': 'eager', 'select': ['UpstreamToDownstream.DV'], 'which': 'test', 'rpc_method': 'test'}
[0m12:21:34.262568 [debug] [MainThread]: Tracking: tracking
[0m12:21:34.273758 [debug] [MainThread]: Sending event: {'category': 'dbt', 'action': 'invocation', 'label': 'start', 'context': [<snowplow_tracker.self_describing_json.SelfDescribingJson object at 0x130012110>, <snowplow_tracker.self_describing_json.SelfDescribingJson object at 0x127dc3c10>, <snowplow_tracker.self_describing_json.SelfDescribingJson object at 0x13003bc50>]}
[0m12:21:34.291487 [debug] [MainThread]: checksum: 1bb0889d20faa5b914c1d11fb77ce2d55a685dc40c9b4db3bc6fe92db82a5315, vars: {}, profile: curated, target: None, version: 1.4.5
[0m12:21:34.401548 [debug] [MainThread]: Partial parsing enabled: 0 files deleted, 0 files added, 0 files changed.
[0m12:21:34.401705 [debug] [MainThread]: Partial parsing enabled, no changes found, skipping parsing
[0m12:21:34.409584 [debug] [MainThread]: Sending event: {'category': 'dbt', 'action': 'load_project', 'label': '0e05c184-bc7b-462b-98fb-ccd7d2200b24', 'context': [<snowplow_tracker.self_describing_json.SelfDescribingJson object at 0x130760510>]}
[0m12:21:34.442191 [debug] [MainThread]: Sending event: {'category': 'dbt', 'action': 'resource_counts', 'label': '0e05c184-bc7b-462b-98fb-ccd7d2200b24', 'context': [<snowplow_tracker.self_describing_json.SelfDescribingJson object at 0x1372d0290>]}
[0m12:21:34.442434 [info ] [MainThread]: Found 0 models, 649 tests, 0 snapshots, 0 analyses, 732 macros, 0 operations, 0 seed files, 35 sources, 0 exposures, 0 metrics
[0m12:21:34.442608 [debug] [MainThread]: Sending event: {'category': 'dbt', 'action': 'runnable_timing', 'label': '0e05c184-bc7b-462b-98fb-ccd7d2200b24', 'context': [<snowplow_tracker.self_describing_json.SelfDescribingJson object at 0x130021050>]}
[0m12:21:34.447253 [info ] [MainThread]: 
[0m12:21:34.448208 [debug] [MainThread]: Acquiring new bigquery connection 'master'
[0m12:21:34.448588 [debug] [MainThread]: Sending event: {'category': 'dbt', 'action': 'runnable_timing', 'label': '0e05c184-bc7b-462b-98fb-ccd7d2200b24', 'context': [<snowplow_tracker.self_describing_json.SelfDescribingJson object at 0x1204c7950>]}
[0m12:21:34.448925 [info ] [MainThread]: Concurrency: 1 threads (target='dev')
[0m12:21:34.449047 [info ] [MainThread]: 
[0m12:21:34.450879 [debug] [Thread-1 (]: Began running node test.csp.cur_connection
[0m12:21:34.451057 [info ] [Thread-1 (]: 1 of 4 START test cur_connection ............................................... [RUN]
[0m12:21:34.451378 [debug] [Thread-1 (]: Acquiring new bigquery connection 'test.csp.cur_connection'
[0m12:21:34.451467 [debug] [Thread-1 (]: Began compiling node test.csp.cur_connection
[0m12:21:34.452515 [debug] [Thread-1 (]: Writing injected SQL for node "test.csp.cur_connection"
[0m12:21:34.453178 [debug] [Thread-1 (]: Timing info for test.csp.cur_connection (compile): 2023-08-14 12:21:34.451531 => 2023-08-14 12:21:34.453116
[0m12:21:34.453362 [debug] [Thread-1 (]: Began executing node test.csp.cur_connection
[0m12:21:34.462384 [debug] [Thread-1 (]: Writing runtime sql for node "test.csp.cur_connection"
[0m12:21:34.462813 [debug] [Thread-1 (]: Opening a new connection, currently in state init
[0m12:21:34.896666 [debug] [Thread-1 (]: On test.csp.cur_connection: /* {"app": "dbt", "dbt_version": "1.4.5", "profile_name": "curated", "target_name": "dev", "node_id": "test.csp.cur_connection"} */
select
      count(*) as failures,
      count(*) != 0 as should_warn,
      count(*) != 0 as should_error
    from (
      select 1 from (SELECT
 llc_bi__connected_from__c
,llc_bi__connected_to__c
,llc_bi__certifying_individual__c
,LLC_BI__Connection_Role__c
,ccs_is_key_account_party__c
,ccs_is_signatory__c
,ccs_is_org_lead__c
,llc_bi__uid__c
,ccs_org_lead__c
FROM dmn01-rsksoi-bld-01-2017.dmn01_rsksoi_euwe2_rsk_csp_ds_curation.rskcsp_ds_connection_curated
except distinct


SELECT
 Relationship	llc_bi__connected_from__c
,RelationshipName	llc_bi__connected_to__c
,CertifyingIndividual	llc_bi__certifying_individual__c
,Role	LLC_BI__Connection_Role__c
,KeyAccountParty	ccs_is_key_account_party__c
,Signatory	ccs_is_signatory__c
,IsORGLead	ccs_is_org_lead__c
,UID	llc_bi__uid__c
,ORGLead	ccs_org_lead__c
FROM dmn01-rsksoi-bld-01-2017.dmn01_rsksoi_euwe2_rsk_csp_curated.cur_Connection 
where Relationship in (select llc_bi__connected_from__c from dmn01-rsksoi-bld-01-2017.dmn01_rsksoi_euwe2_rsk_csp_ds_curation.rskcsp_ds_connection_curated))

union all
select 1 from (

SELECT
 Relationship	llc_bi__connected_from__c
,RelationshipName	llc_bi__connected_to__c
,CertifyingIndividual	llc_bi__certifying_individual__c
,Role	LLC_BI__Connection_Role__c
,KeyAccountParty	ccs_is_key_account_party__c
,Signatory	ccs_is_signatory__c
,IsORGLead	ccs_is_org_lead__c
,UID	llc_bi__uid__c
,ORGLead	ccs_org_lead__c
FROM dmn01-rsksoi-bld-01-2017.dmn01_rsksoi_euwe2_rsk_csp_curated.cur_Connection 
where Relationship in (select llc_bi__connected_from__c from dmn01-rsksoi-bld-01-2017.dmn01_rsksoi_euwe2_rsk_csp_ds_curation.rskcsp_ds_connection_curated)
except distinct 
SELECT
 llc_bi__connected_from__c
,llc_bi__connected_to__c
,llc_bi__certifying_individual__c
,LLC_BI__Connection_Role__c
,ccs_is_key_account_party__c
,ccs_is_signatory__c
,ccs_is_org_lead__c
,llc_bi__uid__c
,ccs_org_lead__c
FROM dmn01-rsksoi-bld-01-2017.dmn01_rsksoi_euwe2_rsk_csp_ds_curation.rskcsp_ds_connection_curated)
      
    ) dbt_internal_test
[0m12:21:36.108929 [debug] [Thread-1 (]: BigQuery adapter: https://console.cloud.google.com/bigquery?project=dmn01-rsksoi-bld-01-2017&j=bq:europe-west2:5d3eed5d-aa47-4471-8ddf-ac92e86c518a&page=queryresults
[0m12:21:36.113143 [debug] [Thread-1 (]: Timing info for test.csp.cur_connection (execute): 2023-08-14 12:21:34.453436 => 2023-08-14 12:21:36.112896
[0m12:21:36.114770 [info ] [Thread-1 (]: 1 of 4 PASS cur_connection ..................................................... [[32mPASS[0m in 1.66s]
[0m12:21:36.117488 [debug] [Thread-1 (]: Finished running node test.csp.cur_connection
[0m12:21:36.117948 [debug] [Thread-1 (]: Began running node test.csp.cur_customer
[0m12:21:36.118514 [info ] [Thread-1 (]: 2 of 4 START test cur_customer ................................................. [RUN]
[0m12:21:36.119296 [debug] [Thread-1 (]: Acquiring new bigquery connection 'test.csp.cur_customer'
[0m12:21:36.119547 [debug] [Thread-1 (]: Began compiling node test.csp.cur_customer
[0m12:21:36.123021 [debug] [Thread-1 (]: Writing injected SQL for node "test.csp.cur_customer"
[0m12:21:36.124108 [debug] [Thread-1 (]: Timing info for test.csp.cur_customer (compile): 2023-08-14 12:21:36.119710 => 2023-08-14 12:21:36.124046
[0m12:21:36.124340 [debug] [Thread-1 (]: Began executing node test.csp.cur_customer
[0m12:21:36.127227 [debug] [Thread-1 (]: Writing runtime sql for node "test.csp.cur_customer"
[0m12:21:36.127866 [debug] [Thread-1 (]: Opening a new connection, currently in state closed
[0m12:21:36.128167 [debug] [Thread-1 (]: On test.csp.cur_customer: /* {"app": "dbt", "dbt_version": "1.4.5", "profile_name": "curated", "target_name": "dev", "node_id": "test.csp.cur_customer"} */
select
      count(*) as failures,
      count(*) != 0 as should_warn,
      count(*) != 0 as should_error
    from (
      select 1 from (
SELECT
ccs_country_of_incorporation__c
,llc_bi__lookupkey__c
,name
,type
,ccs_segment__c
,ccs_sic_description__c
,shippingstreet
,shippingcity
,shippingstate
,shippingcountry
,shippingpostalcode
,accountnumber
,ccs_bank_entity__c
,ccs_bsu_rm_name__c
,ccs_company_registration_number__c
,ccs_credit_officer__c
,ccs_date_commenced_trading__c
,ccs_date_of_association__c
,ccs_oucode__c
,ccs_relationshiptradingname__c
,ccs_rfi_flag__c
,ownerid
,ccs_sort_code__c
,ccs_support_indicator__c
,ccs_cmdid__c
,recordtypeid
,id
,createddate
,createdbyid
,lastmodifieddate
,lastmodifiedbyid
,ccs_collections_indicator__c
,ccs_country_of_registration__c
,ccs_dateofbirth__c
,ccs_defaultflag__c
,ccs_is_part_of_org__c
,ccs_kyb_status__c
,ccs_registered_charity_number__c
,llc_bi__status__c
,ccs_monthly_loan_repayment_limit__c
,ccs_available_overdraft__c
,ccs_reason_codes__c
FROM dmn01-rsksoi-bld-01-2017.dmn01_rsksoi_euwe2_rsk_csp_ds_curation.rskcsp_ds_account_curated

except distinct

SELECT
CountryOfIncorporation	ccs_country_of_incorporation__c
,OCISPartyID	llc_bi__lookupkey__c
,RelationshipName	name
,RelationshipType	type
,Segment	ccs_segment__c
,SICCodeDescription	ccs_sic_description__c
,ShippingStreet	shippingstreet
,ShippingCity	shippingcity
,ShippingState	shippingstate
,ShippingCountry	shippingcountry
,ShippingPostalCode	shippingpostalcode
,AccountNumber	accountnumber
,BankEntity	ccs_bank_entity__c
,BSURMName	ccs_bsu_rm_name__c
,CompanyRegistrationNumber	ccs_company_registration_number__c
,CreditOfficer	ccs_credit_officer__c
,DateCommencedTrading	ccs_date_commenced_trading__c
,DateOfAssociation	ccs_date_of_association__c
,OUCode	ccs_oucode__c
,RelationshipTradingName	ccs_relationshiptradingname__c
,RFIFlag	ccs_rfi_flag__c
,RMName	ownerid
,SortCode	ccs_sort_code__c
,SupportIndicator	ccs_support_indicator__c
,CMDID	ccs_cmdid__c
,RelationshipRecordType	recordtypeid
,Id	id
,CreatedDate	createddate
,CreatedBy	createdbyid
,LastModifiedDate	lastmodifieddate
,LastModifiedBy	lastmodifiedbyid
,CollectionsIndicator	ccs_collections_indicator__c
,CountryofRegistration	ccs_country_of_registration__c
,DateOfBirth	ccs_dateofbirth__c
,DefaultFlag	ccs_defaultflag__c
,isPartOfOrg	ccs_is_part_of_org__c
,KYBStatus	ccs_kyb_status__c
,RegisteredCharityNumber	ccs_registered_charity_number__c
,Status	llc_bi__status__c
,MonthlyLoanRepaymentLimit	ccs_monthly_loan_repayment_limit__c
,AvailableOverdraft	ccs_available_overdraft__c
,ReasonCodes	ccs_reason_codes__c
FROM  dmn01-rsksoi-bld-01-2017.dmn01_rsksoi_euwe2_rsk_csp_curated.cur_customer
where RelationshipName in ( select name from dmn01-rsksoi-bld-01-2017.dmn01_rsksoi_euwe2_rsk_csp_ds_curation.rskcsp_ds_account_curated))

UNION ALL

SELECT 1 FROM (

SELECT
CountryOfIncorporation	ccs_country_of_incorporation__c
,OCISPartyID	llc_bi__lookupkey__c
,RelationshipName	name
,RelationshipType	type
,Segment	ccs_segment__c
,SICCodeDescription	ccs_sic_description__c
,ShippingStreet	shippingstreet
,ShippingCity	shippingcity
,ShippingState	shippingstate
,ShippingCountry	shippingcountry
,ShippingPostalCode	shippingpostalcode
,AccountNumber	accountnumber
,BankEntity	ccs_bank_entity__c
,BSURMName	ccs_bsu_rm_name__c
,CompanyRegistrationNumber	ccs_company_registration_number__c
,CreditOfficer	ccs_credit_officer__c
,DateCommencedTrading	ccs_date_commenced_trading__c
,DateOfAssociation	ccs_date_of_association__c
,OUCode	ccs_oucode__c
,RelationshipTradingName	ccs_relationshiptradingname__c
,RFIFlag	ccs_rfi_flag__c
,RMName	ownerid
,SortCode	ccs_sort_code__c
,SupportIndicator	ccs_support_indicator__c
,CMDID	ccs_cmdid__c
,RelationshipRecordType	recordtypeid
,Id	id
,CreatedDate	createddate
,CreatedBy	createdbyid
,LastModifiedDate	lastmodifieddate
,LastModifiedBy	lastmodifiedbyid
,CollectionsIndicator	ccs_collections_indicator__c
,CountryofRegistration	ccs_country_of_registration__c
,DateOfBirth	ccs_dateofbirth__c
,DefaultFlag	ccs_defaultflag__c
,isPartOfOrg	ccs_is_part_of_org__c
,KYBStatus	ccs_kyb_status__c
,RegisteredCharityNumber	ccs_registered_charity_number__c
,Status	llc_bi__status__c
,MonthlyLoanRepaymentLimit	ccs_monthly_loan_repayment_limit__c
,AvailableOverdraft	ccs_available_overdraft__c
,ReasonCodes	ccs_reason_codes__c
FROM  dmn01-rsksoi-bld-01-2017.dmn01_rsksoi_euwe2_rsk_csp_curated.cur_customer
where RelationshipName in ( select name from dmn01-rsksoi-bld-01-2017.dmn01_rsksoi_euwe2_rsk_csp_ds_curation.rskcsp_ds_account_curated)

except distinct

SELECT
ccs_country_of_incorporation__c
,llc_bi__lookupkey__c
,name
,type
,ccs_segment__c
,ccs_sic_description__c
,shippingstreet
,shippingcity
,shippingstate
,shippingcountry
,shippingpostalcode
,accountnumber
,ccs_bank_entity__c
,ccs_bsu_rm_name__c
,ccs_company_registration_number__c
,ccs_credit_officer__c
,ccs_date_commenced_trading__c
,ccs_date_of_association__c
,ccs_oucode__c
,ccs_relationshiptradingname__c
,ccs_rfi_flag__c
,ownerid
,ccs_sort_code__c
,ccs_support_indicator__c
,ccs_cmdid__c
,recordtypeid
,id
,createddate
,createdbyid
,lastmodifieddate
,lastmodifiedbyid
,ccs_collections_indicator__c
,ccs_country_of_registration__c
,ccs_dateofbirth__c
,ccs_defaultflag__c
,ccs_is_part_of_org__c
,ccs_kyb_status__c
,ccs_registered_charity_number__c
,llc_bi__status__c
,ccs_monthly_loan_repayment_limit__c
,ccs_available_overdraft__c
,ccs_reason_codes__c
FROM dmn01-rsksoi-bld-01-2017.dmn01_rsksoi_euwe2_rsk_csp_ds_curation.rskcsp_ds_account_curated)
      
    ) dbt_internal_test
[0m12:21:37.096799 [debug] [Thread-1 (]: BigQuery adapter: https://console.cloud.google.com/bigquery?project=dmn01-rsksoi-bld-01-2017&j=bq:europe-west2:ee6f47ad-f76a-49a3-bdb5-16a4a83fba84&page=queryresults
[0m12:21:37.099130 [debug] [Thread-1 (]: Timing info for test.csp.cur_customer (execute): 2023-08-14 12:21:36.124474 => 2023-08-14 12:21:37.098979
[0m12:21:37.100518 [info ] [Thread-1 (]: 2 of 4 PASS cur_customer ....................................................... [[32mPASS[0m in 0.98s]
[0m12:21:37.101223 [debug] [Thread-1 (]: Finished running node test.csp.cur_customer
[0m12:21:37.101623 [debug] [Thread-1 (]: Began running node test.csp.cur_entity-involvement
[0m12:21:37.102087 [info ] [Thread-1 (]: 3 of 4 START test cur_entity-involvement ....................................... [RUN]
[0m12:21:37.103050 [debug] [Thread-1 (]: Acquiring new bigquery connection 'test.csp.cur_entity-involvement'
[0m12:21:37.103334 [debug] [Thread-1 (]: Began compiling node test.csp.cur_entity-involvement
[0m12:21:37.106106 [debug] [Thread-1 (]: Writing injected SQL for node "test.csp.cur_entity-involvement"
[0m12:21:37.106937 [debug] [Thread-1 (]: Timing info for test.csp.cur_entity-involvement (compile): 2023-08-14 12:21:37.103523 => 2023-08-14 12:21:37.106845
[0m12:21:37.107271 [debug] [Thread-1 (]: Began executing node test.csp.cur_entity-involvement
[0m12:21:37.110288 [debug] [Thread-1 (]: Writing runtime sql for node "test.csp.cur_entity-involvement"
[0m12:21:37.111009 [debug] [Thread-1 (]: Opening a new connection, currently in state closed
[0m12:21:37.111295 [debug] [Thread-1 (]: On test.csp.cur_entity-involvement: /* {"app": "dbt", "dbt_version": "1.4.5", "profile_name": "curated", "target_name": "dev", "node_id": "test.csp.cur_entity-involvement"} */
select
      count(*) as failures,
      count(*) != 0 as should_warn,
      count(*) != 0 as should_error
    from (
      select 1 from (
SELECT
id
,createddate
,createdbyid
,lastmodifieddate
,lastmodifiedbyid
,llc_bi__account__c
,llc_bi__borrower_type__c
,llc_bi__contingent_type__c
,llc_bi__contingent_amount__c
,recordtypeid
,llc_bi__loan__c
,llc_bi__product_package__c
,name
,currencyisocode
FROM dmn01-rsksoi-bld-01-2017.dmn01_rsksoi_euwe2_rsk_csp_ds_curation.rskcsp_ds_legal_entities_curated
except distinct
SELECT
	Id	id
,	Created_Date	createddate
,	Created_By	createdbyid
,	Last_Modified_Date	lastmodifieddate
,	Last_Modified_By	lastmodifiedbyid
,	Relationship_Name	llc_bi__account__c
,	Borrower_Type	llc_bi__borrower_type__c
,	Contingent_Type	llc_bi__contingent_type__c
,	Contingent_Amount	llc_bi__contingent_amount__c
,	Record_Type	recordtypeid
,	Facility	llc_bi__loan__c
,	Product_Package	llc_bi__product_package__c
,	Entity_Auto_Number	name
,	Currency	currencyisocode

FROM  `dmn01-rsksoi-bld-01-2017.dmn01_rsksoi_euwe2_rsk_csp_curated.cur_entity-involvement`
where id in (select id from  dmn01-rsksoi-bld-01-2017.dmn01_rsksoi_euwe2_rsk_csp_ds_curation.rskcsp_ds_legal_entities_curated))
union all

select 1 from (

SELECT
	Id	id
,	Created_Date	createddate
,	Created_By	createdbyid
,	Last_Modified_Date	lastmodifieddate
,	Last_Modified_By	lastmodifiedbyid
,	Relationship_Name	llc_bi__account__c
,	Borrower_Type	llc_bi__borrower_type__c
,	Contingent_Type	llc_bi__contingent_type__c
,	Contingent_Amount	llc_bi__contingent_amount__c
,	Record_Type	recordtypeid
,	Facility	llc_bi__loan__c
,	Product_Package	llc_bi__product_package__c
,	Entity_Auto_Number	name
,	Currency	currencyisocode

FROM  `dmn01-rsksoi-bld-01-2017.dmn01_rsksoi_euwe2_rsk_csp_curated.cur_entity-involvement`
where id in (select id from  dmn01-rsksoi-bld-01-2017.dmn01_rsksoi_euwe2_rsk_csp_ds_curation.rskcsp_ds_legal_entities_curated)
except distinct
SELECT
id
,createddate
,createdbyid
,lastmodifieddate
,lastmodifiedbyid
,llc_bi__account__c
,llc_bi__borrower_type__c
,llc_bi__contingent_type__c
,llc_bi__contingent_amount__c
,recordtypeid
,llc_bi__loan__c
,llc_bi__product_package__c
,name
,currencyisocode
FROM dmn01-rsksoi-bld-01-2017.dmn01_rsksoi_euwe2_rsk_csp_ds_curation.rskcsp_ds_legal_entities_curated


)
      
    ) dbt_internal_test
[0m12:21:38.297871 [debug] [Thread-1 (]: BigQuery adapter: https://console.cloud.google.com/bigquery?project=dmn01-rsksoi-bld-01-2017&j=bq:europe-west2:e4e27d57-5db7-4173-9777-11ffbc3c00a9&page=queryresults
[0m12:21:38.300312 [debug] [Thread-1 (]: Timing info for test.csp.cur_entity-involvement (execute): 2023-08-14 12:21:37.107418 => 2023-08-14 12:21:38.300166
[0m12:21:38.301604 [info ] [Thread-1 (]: 3 of 4 PASS cur_entity-involvement ............................................. [[32mPASS[0m in 1.20s]
[0m12:21:38.302155 [debug] [Thread-1 (]: Finished running node test.csp.cur_entity-involvement
[0m12:21:38.302537 [debug] [Thread-1 (]: Began running node test.csp.cur_product
[0m12:21:38.302961 [info ] [Thread-1 (]: 4 of 4 START test cur_product .................................................. [RUN]
[0m12:21:38.303857 [debug] [Thread-1 (]: Acquiring new bigquery connection 'test.csp.cur_product'
[0m12:21:38.304129 [debug] [Thread-1 (]: Began compiling node test.csp.cur_product
[0m12:21:38.307223 [debug] [Thread-1 (]: Writing injected SQL for node "test.csp.cur_product"
[0m12:21:38.308130 [debug] [Thread-1 (]: Timing info for test.csp.cur_product (compile): 2023-08-14 12:21:38.304318 => 2023-08-14 12:21:38.308080
[0m12:21:38.308344 [debug] [Thread-1 (]: Began executing node test.csp.cur_product
[0m12:21:38.316822 [debug] [Thread-1 (]: Writing runtime sql for node "test.csp.cur_product"
[0m12:21:38.317480 [debug] [Thread-1 (]: Opening a new connection, currently in state closed
[0m12:21:38.317718 [debug] [Thread-1 (]: On test.csp.cur_product: /* {"app": "dbt", "dbt_version": "1.4.5", "profile_name": "curated", "target_name": "dev", "node_id": "test.csp.cur_product"} */
select
      count(*) as failures,
      count(*) != 0 as should_warn,
      count(*) != 0 as should_error
    from (
      select 1 from (
SELECT
ccs_accountnumber__c
,currencyisocode
,llc_bi__product_package__c
,llc_bi__amount__c
,name
,llc_bi__lookupkey__c
,ccs_duration__c
,llc_bi__status__c
,ccs_heritage__c
,ownerid
,ccs_partially_amortising_loan_type__c
,ccs_previously_sanctioned_amount__c
,llc_bi__product__c
,llc_bi__product_line__c
,llc_bi__product_type__c
,ccs_sector__c
,ccs_security__c
,ccs_sortcode__c
,llc_bi__stage__c
,llc_bi__product_reference__c
,id
,createddate
,createdbyid
,lastmodifieddate
,lastmodifiedbyid
,ccs_odtype__c
,ccs_purpose__c
,ccs_amountperencashment__c
,ccs_cardscheme__c
,ccs_formfactor__c
,ccs_frequency__c
,ccs_dateoftravellinkagreement__c
,ccs_maxvaluethroughonlinebulkpayments__c
,ccs_rightofwithdrawalconfirmed__c
,cast(ccs_valueofdailyorder__c as string) ccs_valueofdailyorder__c
,ccs_which_limits_apply_to_the_facility__c
,ccs_max_period_for_each_fx_contract__c
,ccs_apply_crh__c
,ccs_apply_tranche_drawdown__c
,ccs_loan_repayment_profile__c
,ccs_minimum_amount_per_drawdown__c
,ccs_number_of_months_in_crh__c
,ccs_number_of_quarters_in_crh__c
,ccs_repayment_frequency__c
,ccs_eligible_for_crh__c
,ccs_tranchedrawdown__c

FROM dmn01-rsksoi-bld-01-2017.dmn01_rsksoi_euwe2_rsk_csp_ds_curation.rskcsp_ds_loan_curated
except distinct
SELECT
	AccountNumber	ccs_accountnumber__c
,	CurrencyISOCode	currencyisocode
,	Application	llc_bi__product_package__c
,	FacilityAmount	llc_bi__amount__c
,	FacilityName	name
,	FacilityNumber	llc_bi__lookupkey__c
,	Duration	ccs_duration__c
,	Status	llc_bi__status__c
,	Heritage	ccs_heritage__c
,	Owner	ownerid
,	PartiallyAmortisingLoanType	ccs_partially_amortising_loan_type__c
,	PreviouslySanctionedAmount	ccs_previously_sanctioned_amount__c
,	Product	llc_bi__product__c
,	ProductLine	llc_bi__product_line__c
,	ProductType	llc_bi__product_type__c
,	Sector	ccs_sector__c
,	Security	ccs_security__c
,	SortCode	ccs_sortcode__c
,	Stage	llc_bi__stage__c
,	ProductReference	llc_bi__product_reference__c
,	Id	id
,	CreatedDate	createddate
,	CreatedBy	createdbyid
,	LastModifiedDate	lastmodifieddate
,	LastModifiedBy	lastmodifiedbyid
,	ODType	ccs_odtype__c
,	Purpose	ccs_purpose__c
,	AmountPerEncashment	ccs_amountperencashment__c
,	CardScheme	ccs_cardscheme__c
,	FormFactor	ccs_formfactor__c
,	Frequency	ccs_frequency__c
,	DateOfTravelLinkAgreement	ccs_dateoftravellinkagreement__c
,	MaxValueThroughOnlineBulkPayments	ccs_maxvaluethroughonlinebulkpayments__c
,	RightOfWithdrawalConfirmed	ccs_rightofwithdrawalconfirmed__c
,	ValueOfDailyOrder	ccs_valueofdailyorder__c
,	WhichLimitsApplyToTheFacility	ccs_which_limits_apply_to_the_facility__c
,	MaxPeriodForEachFXContract	ccs_max_period_for_each_fx_contract__c
,	ApplyCRH	ccs_apply_crh__c
,	ApplyTrancheDrawdown	ccs_apply_tranche_drawdown__c
,	LoanRepaymentProfile	ccs_loan_repayment_profile__c
,	MinimumAmountPerDrawdown	ccs_minimum_amount_per_drawdown__c
,	NumberOfMonthsInCRH	ccs_number_of_months_in_crh__c
,	NumberOfQuartersInCRH	ccs_number_of_quarters_in_crh__c
,	RepaymentFrequency	ccs_repayment_frequency__c
,	EligibleForCRH	ccs_eligible_for_crh__c
,	EligibleForTrancheDrawdown	ccs_tranchedrawdown__c

FROM dmn01-rsksoi-bld-01-2017.dmn01_rsksoi_euwe2_rsk_csp_curated.cur_product
where id in (select id from dmn01-rsksoi-bld-01-2017.dmn01_rsksoi_euwe2_rsk_csp_ds_curation.rskcsp_ds_loan_curated))
union all


select 1 from (

SELECT
	AccountNumber	ccs_accountnumber__c
,	CurrencyISOCode	currencyisocode
,	Application	llc_bi__product_package__c
,	FacilityAmount	llc_bi__amount__c
,	FacilityName	name
,	FacilityNumber	llc_bi__lookupkey__c
,	Duration	ccs_duration__c
,	Status	llc_bi__status__c
,	Heritage	ccs_heritage__c
,	Owner	ownerid
,	PartiallyAmortisingLoanType	ccs_partially_amortising_loan_type__c
,	PreviouslySanctionedAmount	ccs_previously_sanctioned_amount__c
,	Product	llc_bi__product__c
,	ProductLine	llc_bi__product_line__c
,	ProductType	llc_bi__product_type__c
,	Sector	ccs_sector__c
,	Security	ccs_security__c
,	SortCode	ccs_sortcode__c
,	Stage	llc_bi__stage__c
,	ProductReference	llc_bi__product_reference__c
,	Id	id
,	CreatedDate	createddate
,	CreatedBy	createdbyid
,	LastModifiedDate	lastmodifieddate
,	LastModifiedBy	lastmodifiedbyid
,	ODType	ccs_odtype__c
,	Purpose	ccs_purpose__c
,	AmountPerEncashment	ccs_amountperencashment__c
,	CardScheme	ccs_cardscheme__c
,	FormFactor	ccs_formfactor__c
,	Frequency	ccs_frequency__c
,	DateOfTravelLinkAgreement	ccs_dateoftravellinkagreement__c
,	MaxValueThroughOnlineBulkPayments	ccs_maxvaluethroughonlinebulkpayments__c
,	RightOfWithdrawalConfirmed	ccs_rightofwithdrawalconfirmed__c
,	ValueOfDailyOrder	ccs_valueofdailyorder__c
,	WhichLimitsApplyToTheFacility	ccs_which_limits_apply_to_the_facility__c
,	MaxPeriodForEachFXContract	ccs_max_period_for_each_fx_contract__c
,	ApplyCRH	ccs_apply_crh__c
,	ApplyTrancheDrawdown	ccs_apply_tranche_drawdown__c
,	LoanRepaymentProfile	ccs_loan_repayment_profile__c
,	MinimumAmountPerDrawdown	ccs_minimum_amount_per_drawdown__c
,	NumberOfMonthsInCRH	ccs_number_of_months_in_crh__c
,	NumberOfQuartersInCRH	ccs_number_of_quarters_in_crh__c
,	RepaymentFrequency	ccs_repayment_frequency__c
,	EligibleForCRH	ccs_eligible_for_crh__c
,	EligibleForTrancheDrawdown	ccs_tranchedrawdown__c

FROM dmn01-rsksoi-bld-01-2017.dmn01_rsksoi_euwe2_rsk_csp_curated.cur_product
where id in (select id from dmn01-rsksoi-bld-01-2017.dmn01_rsksoi_euwe2_rsk_csp_ds_curation.rskcsp_ds_loan_curated)
except distinct
SELECT
ccs_accountnumber__c
,currencyisocode
,llc_bi__product_package__c
,llc_bi__amount__c
,name
,llc_bi__lookupkey__c
,ccs_duration__c
,llc_bi__status__c
,ccs_heritage__c
,ownerid
,ccs_partially_amortising_loan_type__c
,ccs_previously_sanctioned_amount__c
,llc_bi__product__c
,llc_bi__product_line__c
,llc_bi__product_type__c
,ccs_sector__c
,ccs_security__c
,ccs_sortcode__c
,llc_bi__stage__c
,llc_bi__product_reference__c
,id
,createddate
,createdbyid
,lastmodifieddate
,lastmodifiedbyid
,ccs_odtype__c
,ccs_purpose__c
,ccs_amountperencashment__c
,ccs_cardscheme__c
,ccs_formfactor__c
,ccs_frequency__c
,ccs_dateoftravellinkagreement__c
,ccs_maxvaluethroughonlinebulkpayments__c
,ccs_rightofwithdrawalconfirmed__c
,cast(ccs_valueofdailyorder__c as string) ccs_valueofdailyorder__c
,ccs_which_limits_apply_to_the_facility__c
,ccs_max_period_for_each_fx_contract__c
,ccs_apply_crh__c
,ccs_apply_tranche_drawdown__c
,ccs_loan_repayment_profile__c
,ccs_minimum_amount_per_drawdown__c
,ccs_number_of_months_in_crh__c
,ccs_number_of_quarters_in_crh__c
,ccs_repayment_frequency__c
,ccs_eligible_for_crh__c
,ccs_tranchedrawdown__c

FROM dmn01-rsksoi-bld-01-2017.dmn01_rsksoi_euwe2_rsk_csp_ds_curation.rskcsp_ds_loan_curated)
      
    ) dbt_internal_test
[0m12:21:39.435985 [debug] [Thread-1 (]: BigQuery adapter: https://console.cloud.google.com/bigquery?project=dmn01-rsksoi-bld-01-2017&j=bq:europe-west2:c841f0a9-5188-4e04-af4b-4e71ae4f92be&page=queryresults
[0m12:21:39.436835 [debug] [Thread-1 (]: Timing info for test.csp.cur_product (execute): 2023-08-14 12:21:38.308488 => 2023-08-14 12:21:39.436768
[0m12:21:39.437608 [error] [Thread-1 (]: 4 of 4 FAIL 20 cur_product ..................................................... [[31mFAIL 20[0m in 1.13s]
[0m12:21:39.437980 [debug] [Thread-1 (]: Finished running node test.csp.cur_product
[0m12:21:39.439546 [debug] [MainThread]: Acquiring new bigquery connection 'master'
[0m12:21:39.440529 [debug] [MainThread]: Connection 'master' was properly closed.
[0m12:21:39.440738 [debug] [MainThread]: Connection 'test.csp.cur_product' was properly closed.
[0m12:21:39.440968 [info ] [MainThread]: 
[0m12:21:39.441259 [info ] [MainThread]: Finished running 4 tests in 0 hours 0 minutes and 4.99 seconds (4.99s).
[0m12:21:39.441739 [debug] [MainThread]: Command end result
[0m12:21:39.520918 [info ] [MainThread]: 
[0m12:21:39.521122 [info ] [MainThread]: [31mCompleted with 1 error and 0 warnings:[0m
[0m12:21:39.521258 [info ] [MainThread]: 
[0m12:21:39.521397 [error] [MainThread]: [31mFailure in test cur_product (tests/UpstreamToDownstream/DV/cur_product.sql)[0m
[0m12:21:39.521504 [error] [MainThread]:   Got 20 results, configured to fail if != 0
[0m12:21:39.521601 [info ] [MainThread]: 
[0m12:21:39.521694 [info ] [MainThread]:   compiled Code at target/compiled/csp/tests/UpstreamToDownstream/DV/cur_product.sql
[0m12:21:39.521793 [info ] [MainThread]: 
[0m12:21:39.521889 [info ] [MainThread]: Done. PASS=3 WARN=0 ERROR=1 SKIP=0 TOTAL=4
[0m12:21:39.522027 [debug] [MainThread]: Sending event: {'category': 'dbt', 'action': 'invocation', 'label': 'end', 'context': [<snowplow_tracker.self_describing_json.SelfDescribingJson object at 0x104a03cd0>, <snowplow_tracker.self_describing_json.SelfDescribingJson object at 0x106e7ff90>, <snowplow_tracker.self_describing_json.SelfDescribingJson object at 0x1105e11d0>]}
[0m12:21:39.522146 [debug] [MainThread]: Flushing usage events
